<?xml version="1.0" encoding="UTF-8"?>
<testng-results skipped="1" failed="0" ignored="0" total="2" passed="1">
  <reporter-output>
    <line>
      <![CDATA[<div "result">Open the Browser (PASSED : 4s)</div>]]>
    </line>
    <line>
      <![CDATA[<div "result">Open the Browser (PASSED : 4s)</div>]]>
    </line>
    <line>
      <![CDATA[<div "result">Maximize the window (PASSED : 1s)</div>]]>
    </line>
    <line>
      <![CDATA[<div "result">Maximize the window (PASSED : 1s)</div>]]>
    </line>
    <line>
      <![CDATA[<div "result">Load the URL (PASSED : 1s)</div>]]>
    </line>
    <line>
      <![CDATA[<div "result">Load the URL (PASSED : 2s)</div>]]>
    </line>
    <line>
      <![CDATA[<div "result">Set the TimeOut (PASSED : 0s)</div>]]>
    </line>
    <line>
      <![CDATA[<div "result">Set the TimeOut (PASSED : 0s)</div>]]>
    </line>
    <line>
      <![CDATA[<div "result">Enter the UserName as DemoCSR (PASSED : 0s)</div>]]>
    </line>
    <line>
      <![CDATA[<div "result">Enter the UserName as DemoSalesManager (PASSED : 0s)</div>]]>
    </line>
    <line>
      <![CDATA[<div "result">Enter the Password as crmsfa (PASSED : 0s)</div>]]>
    </line>
    <line>
      <![CDATA[<div "result">Enter the Password as crmsfa (PASSED : 0s)</div>]]>
    </line>
    <line>
      <![CDATA[<div "result">Click on Login (PASSED : 0s)</div>]]>
    </line>
    <line>
      <![CDATA[<div "result">Verify Login is Successful (PASSED : 0s)</div>]]>
    </line>
    <line>
      <![CDATA[<div "result">Click on Login (FAILED : 0s)</div>]]>
    </line>
    <line>
      <![CDATA[<div "result">Verify Login is Successful (SKIPPED)</div>]]>
    </line>
  </reporter-output>
  <suite name="Default suite" duration-ms="9276" started-at="2018-08-12T11:09:48Z" finished-at="2018-08-12T11:09:57Z">
    <groups>
      <group name="cucumber">
        <method signature="TestNG_RunCuck.runScenario(cucumber.api.testng.PickleEventWrapper, cucumber.api.testng.CucumberFeatureWrapper)[pri:0, instance:runner.TestNG_RunCuck@598067a5]" name="runScenario" class="runner.TestNG_RunCuck"/>
      </group> <!-- cucumber -->
    </groups>
    <test name="Default test" duration-ms="9276" started-at="2018-08-12T11:09:48Z" finished-at="2018-08-12T11:09:57Z">
      <class name="runner.TestNG_RunCuck">
        <test-method status="PASS" signature="setUpClass()[pri:0, instance:runner.TestNG_RunCuck@598067a5]" name="setUpClass" is-config="true" duration-ms="348" started-at="2018-08-12T11:09:48Z" finished-at="2018-08-12T11:09:48Z">
          <reporter-output>
          </reporter-output>
        </test-method> <!-- setUpClass -->
        <test-method status="SKIP" signature="runScenario(cucumber.api.testng.PickleEventWrapper, cucumber.api.testng.CucumberFeatureWrapper)[pri:0, instance:runner.TestNG_RunCuck@598067a5]" name="runScenario" duration-ms="8734" started-at="2018-08-12T11:09:48Z" description="Runs Cucumber Scenarios" data-provider="scenarios" finished-at="2018-08-12T11:09:57Z">
          <params>
            <param index="0">
              <value>
                <![CDATA["Positive Login LeafTaps"]]>
              </value>
            </param>
            <param index="1">
              <value>
                <![CDATA["Login DataSet"]]>
              </value>
            </param>
          </params>
          <exception class="org.openqa.selenium.StaleElementReferenceException">
            <message>
              <![CDATA[stale element reference: element is not attached to the page document
  (Session info: chrome=68.0.3440.106)
  (Driver info: chromedriver=2.40.565498 (ea082db3280dd6843ebfb08a625e3eb905c4f5ab),platform=Windows NT 10.0.16299 x86_64) (WARNING: The server did not provide any stacktrace information)
Command duration or timeout: 0 milliseconds
For documentation on this error, please visit: http://seleniumhq.org/exceptions/stale_element_reference.html
Build info: version: '3.13.0', revision: '2f0d292', time: '2018-06-25T15:24:21.231Z'
System info: host: 'DESKTOP-NAV9BG8', ip: '172.20.10.10', os.name: 'Windows 10', os.arch: 'amd64', os.version: '10.0', java.version: '1.8.0_131'
Driver info: org.openqa.selenium.chrome.ChromeDriver
Capabilities {acceptInsecureCerts: false, acceptSslCerts: false, applicationCacheEnabled: false, browserConnectionEnabled: false, browserName: chrome, chrome: {chromedriverVersion: 2.40.565498 (ea082db3280dd6..., userDataDir: C:\Users\VINOTH~1\AppData\L...}, cssSelectorsEnabled: true, databaseEnabled: false, handlesAlerts: true, hasTouchScreen: false, javascriptEnabled: true, locationContextEnabled: true, mobileEmulationEnabled: false, nativeEvents: true, networkConnectionEnabled: false, pageLoadStrategy: normal, platform: XP, platformName: XP, rotatable: false, setWindowRect: true, takesHeapSnapshot: true, takesScreenshot: true, unexpectedAlertBehaviour: , unhandledPromptBehavior: , version: 68.0.3440.106, webStorageEnabled: true}
Session ID: c225d08d9cc9fbe63f9f3509fdb05ece]]>
            </message>
            <full-stacktrace>
              <![CDATA[org.openqa.selenium.StaleElementReferenceException: stale element reference: element is not attached to the page document
  (Session info: chrome=68.0.3440.106)
  (Driver info: chromedriver=2.40.565498 (ea082db3280dd6843ebfb08a625e3eb905c4f5ab),platform=Windows NT 10.0.16299 x86_64) (WARNING: The server did not provide any stacktrace information)
Command duration or timeout: 0 milliseconds
For documentation on this error, please visit: http://seleniumhq.org/exceptions/stale_element_reference.html
Build info: version: '3.13.0', revision: '2f0d292', time: '2018-06-25T15:24:21.231Z'
System info: host: 'DESKTOP-NAV9BG8', ip: '172.20.10.10', os.name: 'Windows 10', os.arch: 'amd64', os.version: '10.0', java.version: '1.8.0_131'
Driver info: org.openqa.selenium.chrome.ChromeDriver
Capabilities {acceptInsecureCerts: false, acceptSslCerts: false, applicationCacheEnabled: false, browserConnectionEnabled: false, browserName: chrome, chrome: {chromedriverVersion: 2.40.565498 (ea082db3280dd6..., userDataDir: C:\Users\VINOTH~1\AppData\L...}, cssSelectorsEnabled: true, databaseEnabled: false, handlesAlerts: true, hasTouchScreen: false, javascriptEnabled: true, locationContextEnabled: true, mobileEmulationEnabled: false, nativeEvents: true, networkConnectionEnabled: false, pageLoadStrategy: normal, platform: XP, platformName: XP, rotatable: false, setWindowRect: true, takesHeapSnapshot: true, takesScreenshot: true, unexpectedAlertBehaviour: , unhandledPromptBehavior: , version: 68.0.3440.106, webStorageEnabled: true}
Session ID: c225d08d9cc9fbe63f9f3509fdb05ece
at sun.reflect.NativeConstructorAccessorImpl.newInstance0(Native Method)
at sun.reflect.NativeConstructorAccessorImpl.newInstance(Unknown Source)
at sun.reflect.DelegatingConstructorAccessorImpl.newInstance(Unknown Source)
at java.lang.reflect.Constructor.newInstance(Unknown Source)
at org.openqa.selenium.remote.ErrorHandler.createThrowable(ErrorHandler.java:214)
at org.openqa.selenium.remote.ErrorHandler.throwIfResponseFailed(ErrorHandler.java:166)
at org.openqa.selenium.remote.http.JsonHttpResponseCodec.reconstructValue(JsonHttpResponseCodec.java:40)
at org.openqa.selenium.remote.http.AbstractHttpResponseCodec.decode(AbstractHttpResponseCodec.java:80)
at org.openqa.selenium.remote.http.AbstractHttpResponseCodec.decode(AbstractHttpResponseCodec.java:44)
at org.openqa.selenium.remote.HttpCommandExecutor.execute(HttpCommandExecutor.java:158)
at org.openqa.selenium.remote.service.DriverCommandExecutor.execute(DriverCommandExecutor.java:83)
at org.openqa.selenium.remote.RemoteWebDriver.execute(RemoteWebDriver.java:548)
at org.openqa.selenium.remote.RemoteWebElement.execute(RemoteWebElement.java:276)
at org.openqa.selenium.remote.RemoteWebElement.click(RemoteWebElement.java:83)
at testCases.Login.login(Login.java:55)
at âœ½.Click on Login(./src/test/resources/featureFiles/LoginData.feature:12)
]]>
            </full-stacktrace>
          </exception> <!-- org.openqa.selenium.StaleElementReferenceException -->
          <reporter-output>
            <line>
              <![CDATA[<div "result">Open the Browser (PASSED : 4s)</div>]]>
            </line>
            <line>
              <![CDATA[<div "result">Maximize the window (PASSED : 1s)</div>]]>
            </line>
            <line>
              <![CDATA[<div "result">Load the URL (PASSED : 2s)</div>]]>
            </line>
            <line>
              <![CDATA[<div "result">Set the TimeOut (PASSED : 0s)</div>]]>
            </line>
            <line>
              <![CDATA[<div "result">Enter the UserName as DemoSalesManager (PASSED : 0s)</div>]]>
            </line>
            <line>
              <![CDATA[<div "result">Enter the Password as crmsfa (PASSED : 0s)</div>]]>
            </line>
            <line>
              <![CDATA[<div "result">Click on Login (FAILED : 0s)</div>]]>
            </line>
            <line>
              <![CDATA[<div "result">Verify Login is Successful (SKIPPED)</div>]]>
            </line>
          </reporter-output>
        </test-method> <!-- runScenario -->
        <test-method status="PASS" signature="runScenario(cucumber.api.testng.PickleEventWrapper, cucumber.api.testng.CucumberFeatureWrapper)[pri:0, instance:runner.TestNG_RunCuck@598067a5]" name="runScenario" duration-ms="8554" started-at="2018-08-12T11:09:48Z" description="Runs Cucumber Scenarios" data-provider="scenarios" finished-at="2018-08-12T11:09:57Z">
          <params>
            <param index="0">
              <value>
                <![CDATA["Positive Login LeafTaps"]]>
              </value>
            </param>
            <param index="1">
              <value>
                <![CDATA["Login DataSet"]]>
              </value>
            </param>
          </params>
          <reporter-output>
            <line>
              <![CDATA[<div "result">Open the Browser (PASSED : 4s)</div>]]>
            </line>
            <line>
              <![CDATA[<div "result">Maximize the window (PASSED : 1s)</div>]]>
            </line>
            <line>
              <![CDATA[<div "result">Load the URL (PASSED : 1s)</div>]]>
            </line>
            <line>
              <![CDATA[<div "result">Set the TimeOut (PASSED : 0s)</div>]]>
            </line>
            <line>
              <![CDATA[<div "result">Enter the UserName as DemoCSR (PASSED : 0s)</div>]]>
            </line>
            <line>
              <![CDATA[<div "result">Enter the Password as crmsfa (PASSED : 0s)</div>]]>
            </line>
            <line>
              <![CDATA[<div "result">Click on Login (PASSED : 0s)</div>]]>
            </line>
            <line>
              <![CDATA[<div "result">Verify Login is Successful (PASSED : 0s)</div>]]>
            </line>
          </reporter-output>
        </test-method> <!-- runScenario -->
        <test-method status="PASS" signature="tearDownClass()[pri:0, instance:runner.TestNG_RunCuck@598067a5]" name="tearDownClass" is-config="true" duration-ms="15" started-at="2018-08-12T11:09:57Z" finished-at="2018-08-12T11:09:57Z">
          <reporter-output>
          </reporter-output>
        </test-method> <!-- tearDownClass -->
      </class> <!-- runner.TestNG_RunCuck -->
    </test> <!-- Default test -->
  </suite> <!-- Default suite -->
</testng-results>
